src/auth/auth.controller.ts(13,77): error TS1272: A type referenced in a decorated signature must be imported with 'import type' or a namespace import when 'isolatedModules' and 'emitDecoratorMetadata' are enabled.
src/auth/auth.controller.ts(21,71): error TS1272: A type referenced in a decorated signature must be imported with 'import type' or a namespace import when 'isolatedModules' and 'emitDecoratorMetadata' are enabled.
src/auth/auth.controller.ts(38,17): error TS1272: A type referenced in a decorated signature must be imported with 'import type' or a namespace import when 'isolatedModules' and 'emitDecoratorMetadata' are enabled.
src/auth/auth.service.spec.ts(68,45): error TS2345: Argument of type '{ id: string; email: string; passwordHash: string; name: null; bio: null; avatarUrl: null; googleId: null; privacySettings: {}; createdAt: Date; updatedAt: Date; }' is not assignable to parameter of type '{ name: string | null; id: string; email: string; passwordHash: string | null; bio: string | null; avatarUrl: string | null; googleId: string | null; defaultPrivacy: PrivacyLevel; privacySettings: JsonValue; createdAt: Date; updatedAt: Date; deletedAt: Date | null; } | Promise<...>'.
  Type '{ id: string; email: string; passwordHash: string; name: null; bio: null; avatarUrl: null; googleId: null; privacySettings: {}; createdAt: Date; updatedAt: Date; }' is missing the following properties from type '{ name: string | null; id: string; email: string; passwordHash: string | null; bio: string | null; avatarUrl: string | null; googleId: string | null; defaultPrivacy: PrivacyLevel; privacySettings: JsonValue; createdAt: Date; updatedAt: Date; deletedAt: Date | null; }': defaultPrivacy, deletedAt
src/auth/auth.service.spec.ts(87,50): error TS2345: Argument of type '{ id: string; email: string; passwordHash: string; name: null; bio: null; avatarUrl: null; googleId: null; privacySettings: {}; createdAt: Date; updatedAt: Date; }' is not assignable to parameter of type '{ name: string | null; id: string; email: string; passwordHash: string | null; bio: string | null; avatarUrl: string | null; googleId: string | null; defaultPrivacy: PrivacyLevel; privacySettings: JsonValue; createdAt: Date; updatedAt: Date; deletedAt: Date | null; } | Promise<...> | null'.
  Type '{ id: string; email: string; passwordHash: string; name: null; bio: null; avatarUrl: null; googleId: null; privacySettings: {}; createdAt: Date; updatedAt: Date; }' is missing the following properties from type '{ name: string | null; id: string; email: string; passwordHash: string | null; bio: string | null; avatarUrl: string | null; googleId: string | null; defaultPrivacy: PrivacyLevel; privacySettings: JsonValue; createdAt: Date; updatedAt: Date; deletedAt: Date | null; }': defaultPrivacy, deletedAt
src/auth/auth.service.spec.ts(100,50): error TS2345: Argument of type '{ id: string; email: string; passwordHash: string; name: null; bio: null; avatarUrl: null; googleId: null; privacySettings: {}; createdAt: Date; updatedAt: Date; }' is not assignable to parameter of type '{ name: string | null; id: string; email: string; passwordHash: string | null; bio: string | null; avatarUrl: string | null; googleId: string | null; defaultPrivacy: PrivacyLevel; privacySettings: JsonValue; createdAt: Date; updatedAt: Date; deletedAt: Date | null; } | Promise<...> | null'.
  Type '{ id: string; email: string; passwordHash: string; name: null; bio: null; avatarUrl: null; googleId: null; privacySettings: {}; createdAt: Date; updatedAt: Date; }' is missing the following properties from type '{ name: string | null; id: string; email: string; passwordHash: string | null; bio: string | null; avatarUrl: string | null; googleId: string | null; defaultPrivacy: PrivacyLevel; privacySettings: JsonValue; createdAt: Date; updatedAt: Date; deletedAt: Date | null; }': defaultPrivacy, deletedAt
src/auth/auth.service.spec.ts(126,50): error TS2345: Argument of type '{ id: string; email: string; passwordHash: string; name: null; bio: null; avatarUrl: null; googleId: null; privacySettings: {}; createdAt: Date; updatedAt: Date; }' is not assignable to parameter of type '{ name: string | null; id: string; email: string; passwordHash: string | null; bio: string | null; avatarUrl: string | null; googleId: string | null; defaultPrivacy: PrivacyLevel; privacySettings: JsonValue; createdAt: Date; updatedAt: Date; deletedAt: Date | null; } | Promise<...> | null'.
  Type '{ id: string; email: string; passwordHash: string; name: null; bio: null; avatarUrl: null; googleId: null; privacySettings: {}; createdAt: Date; updatedAt: Date; }' is missing the following properties from type '{ name: string | null; id: string; email: string; passwordHash: string | null; bio: string | null; avatarUrl: string | null; googleId: string | null; defaultPrivacy: PrivacyLevel; privacySettings: JsonValue; createdAt: Date; updatedAt: Date; deletedAt: Date | null; }': defaultPrivacy, deletedAt
src/auth/auth.service.spec.ts(140,47): error TS2345: Argument of type '{ id: string; email: string; passwordHash: string; name: null; bio: null; avatarUrl: null; googleId: null; privacySettings: {}; createdAt: Date; updatedAt: Date; }' is not assignable to parameter of type '{ name: string | null; id: string; email: string; passwordHash: string | null; bio: string | null; avatarUrl: string | null; googleId: string | null; defaultPrivacy: PrivacyLevel; privacySettings: JsonValue; createdAt: Date; updatedAt: Date; deletedAt: Date | null; } | Promise<...> | null'.
  Type '{ id: string; email: string; passwordHash: string; name: null; bio: null; avatarUrl: null; googleId: null; privacySettings: {}; createdAt: Date; updatedAt: Date; }' is missing the following properties from type '{ name: string | null; id: string; email: string; passwordHash: string | null; bio: string | null; avatarUrl: string | null; googleId: string | null; defaultPrivacy: PrivacyLevel; privacySettings: JsonValue; createdAt: Date; updatedAt: Date; deletedAt: Date | null; }': defaultPrivacy, deletedAt
src/auth/auth.service.ts(58,56): error TS2345: Argument of type 'string | null' is not assignable to parameter of type 'string'.
  Type 'null' is not assignable to type 'string'.
src/auth/auth.service.ts(74,7): error TS2322: Type '{ name: string | null; id: string; email: string; passwordHash: string | null; bio: string | null; avatarUrl: string | null; googleId: string | null; defaultPrivacy: PrivacyLevel; privacySettings: JsonValue; createdAt: Date; updatedAt: Date; deletedAt: Date | null; }' is not assignable to type 'User'.
  Types of property 'passwordHash' are incompatible.
    Type 'string | null' is not assignable to type 'string'.
      Type 'null' is not assignable to type 'string'.
src/auth/auth.service.ts(82,7): error TS2322: Type '{ googleId: string; name: string | null; id: string; email: string; passwordHash: string | null; bio: string | null; avatarUrl: string | null; defaultPrivacy: $Enums.PrivacyLevel; privacySettings: JsonValue; createdAt: Date; updatedAt: Date; deletedAt: Date | null; }' is not assignable to type 'User'.
  Types of property 'passwordHash' are incompatible.
    Type 'string | null' is not assignable to type 'string'.
      Type 'null' is not assignable to type 'string'.
src/auth/auth.service.ts(86,5): error TS2322: Type '{ name: string | null; id: string; email: string; passwordHash: string | null; bio: string | null; avatarUrl: string | null; googleId: string | null; defaultPrivacy: PrivacyLevel; privacySettings: JsonValue; createdAt: Date; updatedAt: Date; deletedAt: Date | null; }' is not assignable to type 'User'.
  Types of property 'passwordHash' are incompatible.
    Type 'string | null' is not assignable to type 'string'.
      Type 'null' is not assignable to type 'string'.
src/auth/strategies/jwt.strategy.ts(13,11): error TS2345: Argument of type '[{ jwtFromRequest: JwtFromRequestFunction<any>; ignoreExpiration: false; secretOrKey: string | undefined; }]' is not assignable to parameter of type '[opt: StrategyOptionsWithRequest] | [opt: StrategyOptionsWithoutRequest]'.
  Type '[{ jwtFromRequest: JwtFromRequestFunction<any>; ignoreExpiration: false; secretOrKey: string | undefined; }]' is not assignable to type '[opt: StrategyOptionsWithoutRequest]'.
    Type '{ jwtFromRequest: JwtFromRequestFunction<any>; ignoreExpiration: false; secretOrKey: string | undefined; }' is not assignable to type 'StrategyOptionsWithoutRequest'.
      Type '{ jwtFromRequest: JwtFromRequestFunction<any>; ignoreExpiration: false; secretOrKey: string | undefined; }' is not assignable to type 'Omit<WithSecretOrKey, "secretOrKeyProvider"> & { passReqToCallback?: false | undefined; }'.
        Type '{ jwtFromRequest: JwtFromRequestFunction<any>; ignoreExpiration: false; secretOrKey: string | undefined; }' is not assignable to type 'Omit<WithSecretOrKey, "secretOrKeyProvider">'.
          Types of property 'secretOrKey' are incompatible.
            Type 'string | undefined' is not assignable to type 'string | Buffer<ArrayBufferLike>'.
              Type 'undefined' is not assignable to type 'string | Buffer<ArrayBufferLike>'.
src/users/users.service.spec.ts(16,5): error TS2322: Type 'null' is not assignable to type 'string'.
src/users/users.service.spec.ts(17,5): error TS2322: Type 'null' is not assignable to type 'string'.
src/users/users.service.spec.ts(18,5): error TS2322: Type 'null' is not assignable to type 'string'.
